<?xml version="1.0" encoding="UTF-8"?>
<!-- Generated by org.testng.reporters.JUnitXMLReporter -->
<testsuite ignored="0" hostname="Chayan-PC" failures="0" tests="3" name="Test" time="3.778" errors="0" timestamp="2020-06-18T12:35:23 EDT">
  <testcase classname="com.qa.rest.tests.DataDrivenApi" name="deletetest" time="3.518"/>
  <testcase classname="com.qa.rest.tests.DataDrivenApi" name="posttest_2017" time="0.116"/>
  <testcase classname="com.qa.rest.tests.DataDrivenApi" name="posttest_2017" time="0.063"/>
</testsuite> <!-- Test -->
