<?xml version="1.0" encoding="UTF-8"?>
<!-- Generated by org.testng.reporters.JUnitXMLReporter -->
<testsuite ignored="0" hostname="Chayan-PC" failures="0" tests="6" name="Default test" time="3.168" errors="0" timestamp="2020-06-18T12:38:51 EDT">
  <testcase classname="com.qa.rest.tests.DataDrivenApi" name="deletetest" time="2.807"/>
  <testcase classname="com.qa.rest.tests.DataDrivenApi" name="deletetest" time="0.048"/>
  <testcase classname="com.qa.rest.tests.DataDrivenApi" name="deletetest" time="0.064"/>
  <testcase classname="com.qa.rest.tests.DataDrivenApi" name="deletetest" time="0.035"/>
  <testcase classname="com.qa.rest.tests.DataDrivenApi" name="posttest_2017" time="0.083"/>
  <testcase classname="com.qa.rest.tests.DataDrivenApi" name="posttest_2017" time="0.057"/>
</testsuite> <!-- Default test -->
