<?xml version="1.0" encoding="UTF-8"?>
<testng-results ignored="0" total="6" passed="6" failed="0" skipped="0">
  <reporter-output>
  </reporter-output>
  <suite started-at="2020-06-18T12:38:48 EDT" name="Default suite" finished-at="2020-06-18T12:38:51 EDT" duration-ms="3168">
    <groups>
    </groups>
    <test started-at="2020-06-18T12:38:48 EDT" name="Default test" finished-at="2020-06-18T12:38:51 EDT" duration-ms="3168">
      <class name="com.qa.rest.tests.DataDrivenApi">
        <test-method signature="deletetest(int)[pri:0, instance:com.qa.rest.tests.DataDrivenApi@2805c96b]" started-at="2020-06-18T12:38:48 EDT" name="deletetest" data-provider="deletedata" finished-at="2020-06-18T12:38:50 EDT" duration-ms="2807" status="PASS">
          <params>
            <param index="0">
              <value>
                <![CDATA[13]]>
              </value>
            </param>
          </params>
          <reporter-output>
          </reporter-output>
        </test-method> <!-- deletetest -->
        <test-method signature="deletetest(int)[pri:0, instance:com.qa.rest.tests.DataDrivenApi@2805c96b]" started-at="2020-06-18T12:38:50 EDT" name="deletetest" data-provider="deletedata" finished-at="2020-06-18T12:38:50 EDT" duration-ms="48" status="PASS">
          <params>
            <param index="0">
              <value>
                <![CDATA[14]]>
              </value>
            </param>
          </params>
          <reporter-output>
          </reporter-output>
        </test-method> <!-- deletetest -->
        <test-method signature="deletetest(int)[pri:0, instance:com.qa.rest.tests.DataDrivenApi@2805c96b]" started-at="2020-06-18T12:38:50 EDT" name="deletetest" data-provider="deletedata" finished-at="2020-06-18T12:38:51 EDT" duration-ms="64" status="PASS">
          <params>
            <param index="0">
              <value>
                <![CDATA[15]]>
              </value>
            </param>
          </params>
          <reporter-output>
          </reporter-output>
        </test-method> <!-- deletetest -->
        <test-method signature="deletetest(int)[pri:0, instance:com.qa.rest.tests.DataDrivenApi@2805c96b]" started-at="2020-06-18T12:38:51 EDT" name="deletetest" data-provider="deletedata" finished-at="2020-06-18T12:38:51 EDT" duration-ms="35" status="PASS">
          <params>
            <param index="0">
              <value>
                <![CDATA[16]]>
              </value>
            </param>
          </params>
          <reporter-output>
          </reporter-output>
        </test-method> <!-- deletetest -->
        <test-method signature="posttest_2017(java.lang.String, java.lang.String, java.lang.String)[pri:0, instance:com.qa.rest.tests.DataDrivenApi@2805c96b]" started-at="2020-06-18T12:38:51 EDT" name="posttest_2017" data-provider="postingdata" finished-at="2020-06-18T12:38:51 EDT" duration-ms="83" status="PASS">
          <params>
            <param index="0">
              <value>
                <![CDATA[Graham]]>
              </value>
            </param>
            <param index="1">
              <value>
                <![CDATA[Bell]]>
              </value>
            </param>
            <param index="2">
              <value>
                <![CDATA[gbell@gmail.com]]>
              </value>
            </param>
          </params>
          <reporter-output>
          </reporter-output>
        </test-method> <!-- posttest_2017 -->
        <test-method signature="posttest_2017(java.lang.String, java.lang.String, java.lang.String)[pri:0, instance:com.qa.rest.tests.DataDrivenApi@2805c96b]" started-at="2020-06-18T12:38:51 EDT" name="posttest_2017" data-provider="postingdata" finished-at="2020-06-18T12:38:51 EDT" duration-ms="57" status="PASS">
          <params>
            <param index="0">
              <value>
                <![CDATA[Henry]]>
              </value>
            </param>
            <param index="1">
              <value>
                <![CDATA[Ford]]>
              </value>
            </param>
            <param index="2">
              <value>
                <![CDATA[fordhl@gmail.com]]>
              </value>
            </param>
          </params>
          <reporter-output>
          </reporter-output>
        </test-method> <!-- posttest_2017 -->
      </class> <!-- com.qa.rest.tests.DataDrivenApi -->
    </test> <!-- Default test -->
  </suite> <!-- Default suite -->
</testng-results>
